<?xml version="1.0" encoding="UTF-8"?>
<!-- Generated by org.testng.reporters.JUnitReportReporter -->
<testsuite hostname="DESKTOP-JLR0524" failures="0" tests="6" name="com.OrangeHRMAutomation.ExcelDataProvider" time="0.022" errors="0" timestamp="2022-04-25T20:30:18 IST" skipped="0">
  <testcase classname="com.OrangeHRMAutomation.ExcelDataProvider" name="login" time="0.007"/>
  <system-out/>
  <testcase classname="com.OrangeHRMAutomation.ExcelDataProvider" name="login" time="0.002"/>
  <system-out/>
  <testcase classname="com.OrangeHRMAutomation.ExcelDataProvider" name="login" time="0.002"/>
  <system-out/>
  <testcase classname="com.OrangeHRMAutomation.ExcelDataProvider" name="login" time="0.005"/>
  <system-out/>
  <testcase classname="com.OrangeHRMAutomation.ExcelDataProvider" name="login" time="0.002"/>
  <system-out/>
  <testcase classname="com.OrangeHRMAutomation.ExcelDataProvider" name="login" time="0.004"/>
  <system-out/>
</testsuite> <!-- com.OrangeHRMAutomation.ExcelDataProvider -->
