<?xml version="1.0" encoding="UTF-8"?>
<!-- Generated by org.testng.reporters.JUnitReportReporter -->
<testsuite hostname="DESKTOP-JLR0524" failures="0" tests="1" name="com.OrangeHRMAutomation.getUserData" time="8.912" errors="0" timestamp="2022-04-26T11:20:31 IST" skipped="0">
  <testcase classname="com.OrangeHRMAutomation.getUserData" name="getUsersData" time="8.912"/>
  <system-out/>
</testsuite> <!-- com.OrangeHRMAutomation.getUserData -->
